<?xml version="1.0" encoding="UTF-8"?>
<testng-results ignored="0" total="4" passed="4" failed="0" skipped="0">
  <reporter-output>
  </reporter-output>
  <suite started-at="2022-10-28T18:07:09Z" name="BDD Test Suite" finished-at="2022-10-28T18:07:34Z" duration-ms="24427">
    <groups>
      <group name="cucumber">
        <method signature="AbstractTestNGCucumberTests.runScenario(cucumber.api.testng.PickleEventWrapper, cucumber.api.testng.CucumberFeatureWrapper)[pri:0, instance:CrowdTestNgRunner@3738449f]" name="runScenario" class="cucumber.api.testng.AbstractTestNGCucumberTests"/>
      </group> <!-- cucumber -->
    </groups>
    <test started-at="2022-10-28T18:07:09Z" name="Login and Update Profile Test" finished-at="2022-10-28T18:07:34Z" duration-ms="24427">
      <class name="CrowdTestNgRunner">
        <test-method is-config="true" signature="setUpClass()[pri:0, instance:CrowdTestNgRunner@3738449f]" started-at="2022-10-28T18:07:09Z" name="setUpClass" finished-at="2022-10-28T18:07:10Z" duration-ms="430" status="PASS">
          <reporter-output>
          </reporter-output>
        </test-method> <!-- setUpClass -->
        <test-method signature="runScenario(cucumber.api.testng.PickleEventWrapper, cucumber.api.testng.CucumberFeatureWrapper)[pri:0, instance:CrowdTestNgRunner@3738449f]" started-at="2022-10-28T18:07:10Z" name="runScenario" description="Runs Cucumber Scenarios" data-provider="scenarios" finished-at="2022-10-28T18:07:17Z" duration-ms="7190" status="PASS">
          <params>
            <param index="0">
              <value>
                <![CDATA["Operaciones de dos numeros enteros positivos"]]>
              </value>
            </param>
            <param index="1">
              <value>
                <![CDATA["Operaciones basicas de números enteros positivos"]]>
              </value>
            </param>
          </params>
          <reporter-output>
          </reporter-output>
        </test-method> <!-- runScenario -->
        <test-method signature="runScenario(cucumber.api.testng.PickleEventWrapper, cucumber.api.testng.CucumberFeatureWrapper)[pri:0, instance:CrowdTestNgRunner@3738449f]" started-at="2022-10-28T18:07:17Z" name="runScenario" description="Runs Cucumber Scenarios" data-provider="scenarios" finished-at="2022-10-28T18:07:22Z" duration-ms="5475" status="PASS">
          <params>
            <param index="0">
              <value>
                <![CDATA["Operaciones de dos numeros enteros positivos"]]>
              </value>
            </param>
            <param index="1">
              <value>
                <![CDATA["Operaciones basicas de números enteros positivos"]]>
              </value>
            </param>
          </params>
          <reporter-output>
          </reporter-output>
        </test-method> <!-- runScenario -->
        <test-method signature="runScenario(cucumber.api.testng.PickleEventWrapper, cucumber.api.testng.CucumberFeatureWrapper)[pri:0, instance:CrowdTestNgRunner@3738449f]" started-at="2022-10-28T18:07:22Z" name="runScenario" description="Runs Cucumber Scenarios" data-provider="scenarios" finished-at="2022-10-28T18:07:29Z" duration-ms="6097" status="PASS">
          <params>
            <param index="0">
              <value>
                <![CDATA["Operaciones de dos numeros enteros positivos"]]>
              </value>
            </param>
            <param index="1">
              <value>
                <![CDATA["Operaciones basicas de números enteros positivos"]]>
              </value>
            </param>
          </params>
          <reporter-output>
          </reporter-output>
        </test-method> <!-- runScenario -->
        <test-method signature="runScenario(cucumber.api.testng.PickleEventWrapper, cucumber.api.testng.CucumberFeatureWrapper)[pri:0, instance:CrowdTestNgRunner@3738449f]" started-at="2022-10-28T18:07:29Z" name="runScenario" description="Runs Cucumber Scenarios" data-provider="scenarios" finished-at="2022-10-28T18:07:33Z" duration-ms="4735" status="PASS">
          <params>
            <param index="0">
              <value>
                <![CDATA["Operaciones de dos numeros enteros positivos"]]>
              </value>
            </param>
            <param index="1">
              <value>
                <![CDATA["Operaciones basicas de números enteros positivos"]]>
              </value>
            </param>
          </params>
          <reporter-output>
          </reporter-output>
        </test-method> <!-- runScenario -->
        <test-method is-config="true" signature="tearDownClass()[pri:0, instance:CrowdTestNgRunner@3738449f]" started-at="2022-10-28T18:07:33Z" name="tearDownClass" finished-at="2022-10-28T18:07:34Z" duration-ms="420" status="PASS">
          <reporter-output>
          </reporter-output>
        </test-method> <!-- tearDownClass -->
      </class> <!-- CrowdTestNgRunner -->
    </test> <!-- Login and Update Profile Test -->
  </suite> <!-- BDD Test Suite -->
</testng-results>
