<?xml version="1.0" encoding="UTF-8"?>
<testng-results ignored="0" total="1" passed="1" failed="0" skipped="0">
  <reporter-output>
  </reporter-output>
  <suite started-at="2022-10-21T15:04:05Z" name="BDD Test Suite" finished-at="2022-10-21T15:04:27Z" duration-ms="22053">
    <groups>
      <group name="cucumber">
        <method signature="AbstractTestNGCucumberTests.runScenario(cucumber.api.testng.PickleEventWrapper, cucumber.api.testng.CucumberFeatureWrapper)[pri:0, instance:CrowdTestNgRunner@3738449f]" name="runScenario" class="cucumber.api.testng.AbstractTestNGCucumberTests"/>
      </group> <!-- cucumber -->
    </groups>
    <test started-at="2022-10-21T15:04:05Z" name="Login and Update Profile Test" finished-at="2022-10-21T15:04:27Z" duration-ms="22053">
      <class name="CrowdTestNgRunner">
        <test-method is-config="true" signature="setUpClass()[pri:0, instance:CrowdTestNgRunner@3738449f]" started-at="2022-10-21T15:04:05Z" name="setUpClass" finished-at="2022-10-21T15:04:05Z" duration-ms="907" status="PASS">
          <reporter-output>
          </reporter-output>
        </test-method> <!-- setUpClass -->
        <test-method signature="runScenario(cucumber.api.testng.PickleEventWrapper, cucumber.api.testng.CucumberFeatureWrapper)[pri:0, instance:CrowdTestNgRunner@3738449f]" started-at="2022-10-21T15:04:06Z" name="runScenario" description="Runs Cucumber Scenarios" data-provider="scenarios" finished-at="2022-10-21T15:04:25Z" duration-ms="19895" status="PASS">
          <params>
            <param index="0">
              <value>
                <![CDATA["Plus operation"]]>
              </value>
            </param>
            <param index="1">
              <value>
                <![CDATA["As a potential client i need to open a calculator and do math operations"]]>
              </value>
            </param>
          </params>
          <reporter-output>
          </reporter-output>
        </test-method> <!-- runScenario -->
        <test-method is-config="true" signature="tearDownClass()[pri:0, instance:CrowdTestNgRunner@3738449f]" started-at="2022-10-21T15:04:25Z" name="tearDownClass" finished-at="2022-10-21T15:04:27Z" duration-ms="1151" status="PASS">
          <reporter-output>
          </reporter-output>
        </test-method> <!-- tearDownClass -->
      </class> <!-- CrowdTestNgRunner -->
    </test> <!-- Login and Update Profile Test -->
  </suite> <!-- BDD Test Suite -->
</testng-results>
